Using pre-set license
Built from '6000.0/staging' branch; Version is '6000.0.27f1 (27c554a2199c) revision 2606420'; Using compiler version '193933523'; Build Type 'Release'
OS: 'Windows 10  (10.0.19045) 64bit CoreSingleLanguage' Language: 'en' Physical Memory: 8013 MB
BatchMode: 1, IsHumanControllingUs: 0, StartBugReporterOnCrash: 0, Is64bit: 1, IsPro: 1

COMMAND LINE ARGUMENTS:
C:\Program Files\Unity\Hub\Editor\6000.0.27f1\Editor\Unity.exe
-adb2
-batchMode
-noUpm
-name
AssetImportWorker6
-projectPath
D:/University/Unity/Observer_test
-logFile
Logs/AssetImportWorker6.log
-srvPort
56038
-job-worker-count
5
-background-job-worker-count
8
-asset-garbage-collectors
1
Successfully changed project path to: D:/University/Unity/Observer_test
D:/University/Unity/Observer_test
[UnityMemory] Configuration Parameters - Can be set up in boot.config
    "memorysetup-bucket-allocator-granularity=16"
    "memorysetup-bucket-allocator-bucket-count=8"
    "memorysetup-bucket-allocator-block-size=33554432"
    "memorysetup-bucket-allocator-block-count=8"
    "memorysetup-main-allocator-block-size=16777216"
    "memorysetup-thread-allocator-block-size=16777216"
    "memorysetup-gfx-main-allocator-block-size=16777216"
    "memorysetup-gfx-thread-allocator-block-size=16777216"
    "memorysetup-cache-allocator-block-size=4194304"
    "memorysetup-typetree-allocator-block-size=2097152"
    "memorysetup-profiler-bucket-allocator-granularity=16"
    "memorysetup-profiler-bucket-allocator-bucket-count=8"
    "memorysetup-profiler-bucket-allocator-block-size=33554432"
    "memorysetup-profiler-bucket-allocator-block-count=8"
    "memorysetup-profiler-allocator-block-size=16777216"
    "memorysetup-profiler-editor-allocator-block-size=1048576"
    "memorysetup-temp-allocator-size-main=16777216"
    "memorysetup-job-temp-allocator-block-size=2097152"
    "memorysetup-job-temp-allocator-block-size-background=1048576"
    "memorysetup-job-temp-allocator-reduction-small-platforms=262144"
    "memorysetup-allocator-temp-initial-block-size-main=262144"
    "memorysetup-allocator-temp-initial-block-size-worker=262144"
    "memorysetup-temp-allocator-size-background-worker=32768"
    "memorysetup-temp-allocator-size-job-worker=262144"
    "memorysetup-temp-allocator-size-preload-manager=33554432"
    "memorysetup-temp-allocator-size-nav-mesh-worker=65536"
    "memorysetup-temp-allocator-size-audio-worker=65536"
    "memorysetup-temp-allocator-size-cloud-worker=32768"
    "memorysetup-temp-allocator-size-gi-baking-worker=262144"
    "memorysetup-temp-allocator-size-gi-baking-worker=262144"
    "memorysetup-temp-allocator-size-gi-baking-worker=262144"
    "memorysetup-temp-allocator-size-gi-baking-worker=262144"
    "memorysetup-temp-allocator-size-gi-baking-worker=262144"
    "memorysetup-temp-allocator-size-gfx=262144"
Player connection [17664]  Target information:

Player connection [17664]  * "[IP] 26.205.233.56 [Port] 0 [Flags] 2 [Guid] 2872840718 [EditorId] 2872840718 [Version] 1048832 [Id] WindowsEditor(7,DESKTOP-7R66M1N) [Debug] 1 [PackageName] WindowsEditor [ProjectName] Editor" 

Player connection [17664]  * "[IP] 10.0.126.138 [Port] 0 [Flags] 2 [Guid] 2872840718 [EditorId] 2872840718 [Version] 1048832 [Id] WindowsEditor(7,DESKTOP-7R66M1N) [Debug] 1 [PackageName] WindowsEditor [ProjectName] Editor" 

Player connection [17664] Host joined multi-casting on [225.0.0.222:54997]...
Player connection [17664] Host joined alternative multi-casting on [225.0.0.222:34997]...
JobSystem: Creating JobQueue using job-worker-count value 5
[Physics::Module] Initialized fallback backend.
[Physics::Module] Id: 0xdecafbad
Library Redirect Path: Library/
[Physics::Module] Selected backend.
[Physics::Module] Name: PhysX
[Physics::Module] Id: 0xf2b8ea05
[Physics::Module] SDK Version: 4.1.2
[Physics::Module] Integration Version: 1.0.0
[Physics::Module] Threading Mode: Multi-Threaded
Refreshing native plugins compatible for Editor in 2.71 ms, found 4 plugins.
Preloading 0 native plugins for Editor in 0.00 ms.
Initialize engine version: 6000.0.27f1 (27c554a2199c)
[Subsystems] Discovering subsystems at path C:/Program Files/Unity/Hub/Editor/6000.0.27f1/Editor/Data/Resources/UnitySubsystems
[Subsystems] Discovering subsystems at path D:/University/Unity/Observer_test/Assets
GfxDevice: creating device client; kGfxThreadingModeNonThreaded
Direct3D:
    Version:  Direct3D 11.0 [level 11.1]
    Renderer: NVIDIA GeForce GTX 1650 with Max-Q Design (ID=0x1f9d)
    Vendor:   NVIDIA
    VRAM:     3962 MB
    Driver:   30.0.15.1165
Initialize mono
Mono path[0] = 'C:/Program Files/Unity/Hub/Editor/6000.0.27f1/Editor/Data/Managed'
Mono path[1] = 'C:/Program Files/Unity/Hub/Editor/6000.0.27f1/Editor/Data/MonoBleedingEdge/lib/mono/unityjit-win32'
Mono config path = 'C:/Program Files/Unity/Hub/Editor/6000.0.27f1/Editor/Data/MonoBleedingEdge/etc'
Using monoOptions --debugger-agent=transport=dt_socket,embedding=1,server=y,suspend=n,address=127.0.0.1:56172
Begin MonoManager ReloadAssembly
Registering precompiled unity dll's ...
Register platform support module: C:/Program Files/Unity/Hub/Editor/6000.0.27f1/Editor/Data/PlaybackEngines/WindowsStandaloneSupport/UnityEditor.WindowsStandalone.Extensions.dll
Registered in 0.006056 seconds.
- Loaded All Assemblies, in  0.779 seconds
Native extension for WindowsStandalone target not found
Mono: successfully reloaded assembly
- Finished resetting the current domain, in  0.597 seconds
Domain Reload Profiling: 1373ms
	BeginReloadAssembly (297ms)
		ExecutionOrderSort (0ms)
		DisableScriptedObjects (0ms)
		BackupInstance (0ms)
		ReleaseScriptingObjects (0ms)
		CreateAndSetChildDomain (1ms)
	RebuildCommonClasses (76ms)
	RebuildNativeTypeToScriptingClass (25ms)
	initialDomainReloadingComplete (91ms)
	LoadAllAssembliesAndSetupDomain (286ms)
		LoadAssemblies (291ms)
		RebuildTransferFunctionScriptingTraits (0ms)
		AnalyzeDomain (280ms)
			TypeCache.Refresh (278ms)
				TypeCache.ScanAssembly (253ms)
			BuildScriptInfoCaches (0ms)
			ResolveRequiredComponents (1ms)
	FinalizeReload (598ms)
		ReleaseScriptCaches (0ms)
		RebuildScriptCaches (0ms)
		SetupLoadedEditorAssemblies (513ms)
			LogAssemblyErrors (0ms)
			InitializePlatformSupportModulesInManaged (47ms)
			SetLoadedEditorAssemblies (7ms)
			BeforeProcessingInitializeOnLoad (11ms)
			ProcessInitializeOnLoadAttributes (320ms)
			ProcessInitializeOnLoadMethodAttributes (111ms)
			AfterProcessingInitializeOnLoad (16ms)
			EditorAssembliesLoaded (0ms)
		ExecutionOrderSort2 (0ms)
		AwakeInstancesAfterBackupRestoration (0ms)
Assembly reference Packages/com.unity.cinemachine/Editor/Samples/ExposeHDRPInternals/HDRP-Editor-ref.asmref has no target assembly definition
========================================================================
Worker process is ready to serve import requests
Import Worker Mode flag is 0x00
Assembly reference Packages/com.unity.cinemachine/Editor/Samples/ExposeHDRPInternals/HDRP-Editor-ref.asmref has no target assembly definition
Assembly reference Packages/com.unity.cinemachine/Editor/Samples/ExposeHDRPInternals/HDRP-Editor-ref.asmref has no target assembly definition
Begin MonoManager ReloadAssembly
- Loaded All Assemblies, in  2.977 seconds
Assembly reference Packages/com.unity.cinemachine/Editor/Samples/ExposeHDRPInternals/HDRP-Editor-ref.asmref has no target assembly definition
'Packages/com.unity.cinemachine/Editor/Obsolete/CinemachineVirtualCameraBaseEditor.cs' contains partial class of Unity.Object, exactly 1 of the partial classes needs to be in a file with the same filename. This is to know the one that can be referenced from ie. GameObjects
'Packages/com.unity.cinemachine/Editor/Editors/CinemachineVirtualCameraBaseEditor.cs' contains partial class of Unity.Object, exactly 1 of the partial classes needs to be in a file with the same filename. This is to know the one that can be referenced from ie. GameObjects
Refreshing native plugins compatible for Editor in 1.76 ms, found 4 plugins.
Native extension for WindowsStandalone target not found
Assembly reference Packages/com.unity.cinemachine/Editor/Samples/ExposeHDRPInternals/HDRP-Editor-ref.asmref has no target assembly definition
Package Manager log level set to [2]
[Package Manager] Failed to launch server process. Reason: Unity was launched with the -noUpm command-line argument
[Package Manager] Unable to send message (not connected to server process).
[Package Manager] Cannot connect to Unity Package Manager local server
Mono: successfully reloaded assembly
- Finished resetting the current domain, in  2.158 seconds
Domain Reload Profiling: 5116ms
	BeginReloadAssembly (1520ms)
		ExecutionOrderSort (0ms)
		DisableScriptedObjects (12ms)
		BackupInstance (0ms)
		ReleaseScriptingObjects (0ms)
		CreateAndSetChildDomain (54ms)
	RebuildCommonClasses (95ms)
	RebuildNativeTypeToScriptingClass (25ms)
	initialDomainReloadingComplete (80ms)
	LoadAllAssembliesAndSetupDomain (1236ms)
		LoadAssemblies (790ms)
		RebuildTransferFunctionScriptingTraits (0ms)
		AnalyzeDomain (646ms)
			TypeCache.Refresh (442ms)
				TypeCache.ScanAssembly (413ms)
			BuildScriptInfoCaches (168ms)
			ResolveRequiredComponents (30ms)
	FinalizeReload (2160ms)
		ReleaseScriptCaches (0ms)
		RebuildScriptCaches (0ms)
		SetupLoadedEditorAssemblies (1597ms)
			LogAssemblyErrors (0ms)
			InitializePlatformSupportModulesInManaged (4ms)
			SetLoadedEditorAssemblies (8ms)
			BeforeProcessingInitializeOnLoad (129ms)
			ProcessInitializeOnLoadAttributes (1234ms)
			ProcessInitializeOnLoadMethodAttributes (207ms)
			AfterProcessingInitializeOnLoad (15ms)
			EditorAssembliesLoaded (0ms)
		ExecutionOrderSort2 (0ms)
		AwakeInstancesAfterBackupRestoration (12ms)
Launched and connected shader compiler UnityShaderCompiler.exe after 0.03 seconds
Refreshing native plugins compatible for Editor in 1.95 ms, found 4 plugins.
Preloading 0 native plugins for Editor in 0.00 ms.
Unloading 224 Unused Serialized files (Serialized files now loaded: 0)
Unloading 6923 unused Assets / (4.6 MB). Loaded Objects now: 7719.
Memory consumption went from 207.1 MB to 202.5 MB.
Total: 16.830900 ms (FindLiveObjects: 1.192800 ms CreateObjectMapping: 1.718900 ms MarkObjects: 9.609300 ms  DeleteObjects: 4.305800 ms)

========================================================================
Received Import Request.
  Time since last request: 9526.826898 seconds.
  path: Assets/Stage3Assets/Props/lights/lights3.png
  artifactKey: Guid(6091fb7113dc643819b05493ceb38191) Importer(2089858483,192608db42251d675da83286b1cce702)
Start importing Assets/Stage3Assets/Props/lights/lights3.png using Guid(6091fb7113dc643819b05493ceb38191) Importer(2089858483,192608db42251d675da83286b1cce702) (ScriptedImporter) -> (artifact id: 'c2edc95742b2c41831794602151c6672') in 0.6015281 seconds
Number of updated asset objects reloaded before import = 0Number of asset objects unloaded after import = 3

========================================================================
Received Import Request.
  Time since last request: 0.000038 seconds.
  path: Assets/Scenes/Level2.unity
  artifactKey: Guid(6632c92ec1eb91740b6f1c7681837848) Importer(2089858483,192608db42251d675da83286b1cce702)
Start importing Assets/Scenes/Level2.unity using Guid(6632c92ec1eb91740b6f1c7681837848) Importer(2089858483,192608db42251d675da83286b1cce702) (ScriptedImporter) -> (artifact id: 'cdea4a1ba2b9abcb8d27c2bc9ab277ea') in 0.0891695 seconds
Number of updated asset objects reloaded before import = 0Number of asset objects unloaded after import = 1

========================================================================
Received Import Request.
  Time since last request: 0.000046 seconds.
  path: Assets/Audio/Background Music
  artifactKey: Guid(39b46c41c0206864c84d2864c5966bda) Importer(2089858483,192608db42251d675da83286b1cce702)
Start importing Assets/Audio/Background Music using Guid(39b46c41c0206864c84d2864c5966bda) Importer(2089858483,192608db42251d675da83286b1cce702) (ScriptedImporter) -> (artifact id: '8ee3a4ae53a6fa5025b23892d44f4e86') in 0.0197052 seconds
Number of updated asset objects reloaded before import = 0Number of asset objects unloaded after import = 1

========================================================================
Received Import Request.
  Time since last request: 0.000031 seconds.
  path: Assets/Scenes/Level3.unity
  artifactKey: Guid(5d04983a8febcf045a495c9c366e18a7) Importer(2089858483,192608db42251d675da83286b1cce702)
Start importing Assets/Scenes/Level3.unity using Guid(5d04983a8febcf045a495c9c366e18a7) Importer(2089858483,192608db42251d675da83286b1cce702) (ScriptedImporter) -> (artifact id: 'e5dca00434ecd0b68c147c27d88d73ee') in 0.0304453 seconds
Number of updated asset objects reloaded before import = 0Number of asset objects unloaded after import = 1

========================================================================
Received Import Request.
  Time since last request: 0.000031 seconds.
  path: Assets/Level2/Level2Music/Contemplation Exploring Loop.wav
  artifactKey: Guid(e111b04dba47e724f9f248d9a8b34b25) Importer(2089858483,192608db42251d675da83286b1cce702)
Start importing Assets/Level2/Level2Music/Contemplation Exploring Loop.wav using Guid(e111b04dba47e724f9f248d9a8b34b25) Importer(2089858483,192608db42251d675da83286b1cce702) (ScriptedImporter) -> (artifact id: 'b8e830e0d0573381adfdecd3177fca33') in 0.0749717 seconds
Number of updated asset objects reloaded before import = 0Number of asset objects unloaded after import = 1

========================================================================
Received Import Request.
  Time since last request: 0.000024 seconds.
  path: Assets/Stage3Assets/Tiles/city_step_1_0.asset
  artifactKey: Guid(5d3b249063c3b4c41a69845829d6b788) Importer(2089858483,192608db42251d675da83286b1cce702)
Start importing Assets/Stage3Assets/Tiles/city_step_1_0.asset using Guid(5d3b249063c3b4c41a69845829d6b788) Importer(2089858483,192608db42251d675da83286b1cce702) (ScriptedImporter) -> (artifact id: 'bc37d6052c59497011cb7e5d9222ae63') in 0.0635573 seconds
Number of updated asset objects reloaded before import = 0Number of asset objects unloaded after import = 2

========================================================================
Received Import Request.
  Time since last request: 0.000042 seconds.
  path: Assets/Stage3Assets/Props/banner-b/banner-b2.png
  artifactKey: Guid(cdcf11b1ff39e4b2ca68e69072528a11) Importer(2089858483,192608db42251d675da83286b1cce702)
Start importing Assets/Stage3Assets/Props/banner-b/banner-b2.png using Guid(cdcf11b1ff39e4b2ca68e69072528a11) Importer(2089858483,192608db42251d675da83286b1cce702) (ScriptedImporter) -> (artifact id: '3a02b711ef395d08ba293496555980f2') in 0.039765 seconds
Number of updated asset objects reloaded before import = 0Number of asset objects unloaded after import = 3

========================================================================
Received Import Request.
  Time since last request: 0.000082 seconds.
  path: Assets/Stage3Assets/GroundPalette.prefab
  artifactKey: Guid(b7c398539ec745943be9fd4e601d05a3) Importer(2089858483,192608db42251d675da83286b1cce702)
Start importing Assets/Stage3Assets/GroundPalette.prefab using Guid(b7c398539ec745943be9fd4e601d05a3) Importer(2089858483,192608db42251d675da83286b1cce702) (ScriptedImporter) -> (artifact id: '96eb75107174fa5aad2d50b5fce86817') in 0.0431819 seconds
Number of updated asset objects reloaded before import = 0Number of asset objects unloaded after import = 17

========================================================================
Received Import Request.
  Time since last request: 0.000027 seconds.
  path: Assets/Scripts/ChatBubble.cs
  artifactKey: Guid(96bb91dbaade55a43b5cc309576fa344) Importer(2089858483,192608db42251d675da83286b1cce702)
Start importing Assets/Scripts/ChatBubble.cs using Guid(96bb91dbaade55a43b5cc309576fa344) Importer(2089858483,192608db42251d675da83286b1cce702) (ScriptedImporter) -> (artifact id: '5e3ff5032bffe4a898321e14cdf6e4df') in 0.0186834 seconds
Number of updated asset objects reloaded before import = 0Number of asset objects unloaded after import = 0

========================================================================
Received Import Request.
  Time since last request: 0.000041 seconds.
  path: Assets/Stage3Assets/Props/lights/lights1.controller
  artifactKey: Guid(ab4f10f2003934a1ab392dff56c4144d) Importer(2089858483,192608db42251d675da83286b1cce702)
Start importing Assets/Stage3Assets/Props/lights/lights1.controller using Guid(ab4f10f2003934a1ab392dff56c4144d) Importer(2089858483,192608db42251d675da83286b1cce702) (ScriptedImporter) -> (artifact id: 'c960a023b0839035cd5dc881e6980a3e') in 0.0336991 seconds
Number of updated asset objects reloaded before import = 0Number of asset objects unloaded after import = 4

========================================================================
Received Import Request.
  Time since last request: 0.000037 seconds.
  path: Assets/Stage3Assets/Tiles/city_ground_0.asset
  artifactKey: Guid(3b296b923633a71488178cbbb80daf49) Importer(2089858483,192608db42251d675da83286b1cce702)
Start importing Assets/Stage3Assets/Tiles/city_ground_0.asset using Guid(3b296b923633a71488178cbbb80daf49) Importer(2089858483,192608db42251d675da83286b1cce702) (ScriptedImporter) -> (artifact id: 'cd347d4f3773354cdf4e8c787556ea9e') in 0.0234763 seconds
Number of updated asset objects reloaded before import = 0Number of asset objects unloaded after import = 2

========================================================================
Received Import Request.
  Time since last request: 0.000019 seconds.
  path: Assets/Stage3Assets/Props/banner-e/banner-e1.controller
  artifactKey: Guid(bba0b244dc11649b5ab1a57cd18278c6) Importer(2089858483,192608db42251d675da83286b1cce702)
Start importing Assets/Stage3Assets/Props/banner-e/banner-e1.controller using Guid(bba0b244dc11649b5ab1a57cd18278c6) Importer(2089858483,192608db42251d675da83286b1cce702) (ScriptedImporter) -> (artifact id: '230244de8601805dcf40b9f14df8a417') in 0.0143574 seconds
Number of updated asset objects reloaded before import = 0Number of asset objects unloaded after import = 4

========================================================================
Received Import Request.
  Time since last request: 0.000018 seconds.
  path: Assets/Stage3Assets/Props/banner-c/banner-c2.png
  artifactKey: Guid(ce143725ea31d47a29753fad243f7242) Importer(2089858483,192608db42251d675da83286b1cce702)
Start importing Assets/Stage3Assets/Props/banner-c/banner-c2.png using Guid(ce143725ea31d47a29753fad243f7242) Importer(2089858483,192608db42251d675da83286b1cce702) (ScriptedImporter) -> (artifact id: '2d5b0853e274e0d5efe70b0fa337e18b') in 0.0362355 seconds
Number of updated asset objects reloaded before import = 0Number of asset objects unloaded after import = 3

========================================================================
Received Import Request.
  Time since last request: 0.000023 seconds.
  path: Assets/Stage3Assets/Props/banner-d/banner-d4.png
  artifactKey: Guid(5434301a4814c4233ad3e13118ff01db) Importer(2089858483,192608db42251d675da83286b1cce702)
Start importing Assets/Stage3Assets/Props/banner-d/banner-d4.png using Guid(5434301a4814c4233ad3e13118ff01db) Importer(2089858483,192608db42251d675da83286b1cce702) (ScriptedImporter) -> (artifact id: 'eb3d070c3f9b5729c6e93f1c56e104af') in 0.035523 seconds
Number of updated asset objects reloaded before import = 0Number of asset objects unloaded after import = 3

========================================================================
Received Import Request.
  Time since last request: 0.000038 seconds.
  path: Assets/Stage3Assets/Props
  artifactKey: Guid(6cb63b15237dd4fc18d913c875d282e8) Importer(2089858483,192608db42251d675da83286b1cce702)
Start importing Assets/Stage3Assets/Props using Guid(6cb63b15237dd4fc18d913c875d282e8) Importer(2089858483,192608db42251d675da83286b1cce702) (ScriptedImporter) -> (artifact id: '90b18e2c23887cdb11569a3d72dd16a7') in 0.0169384 seconds
Number of updated asset objects reloaded before import = 0Number of asset objects unloaded after import = 1

========================================================================
Received Import Request.
  Time since last request: 0.000033 seconds.
  path: Assets/Stage3Assets/city_ground.png
  artifactKey: Guid(b6561527fbcc697438ec0c51839b7c20) Importer(2089858483,192608db42251d675da83286b1cce702)
Start importing Assets/Stage3Assets/city_ground.png using Guid(b6561527fbcc697438ec0c51839b7c20) Importer(2089858483,192608db42251d675da83286b1cce702) (ScriptedImporter) -> (artifact id: '52acfc68be84d5468993c696c7ca2f99') in 0.0349217 seconds
Number of updated asset objects reloaded before import = 0Number of asset objects unloaded after import = 3

========================================================================
Received Import Request.
  Time since last request: 0.000020 seconds.
  path: Assets/Stage3Assets/Props/banner-a
  artifactKey: Guid(b2bb1751517194e2cb3630bfe5f87ff0) Importer(2089858483,192608db42251d675da83286b1cce702)
Start importing Assets/Stage3Assets/Props/banner-a using Guid(b2bb1751517194e2cb3630bfe5f87ff0) Importer(2089858483,192608db42251d675da83286b1cce702) (ScriptedImporter) -> (artifact id: 'fd3c1c8ad9a80edfaac256f3457114d5') in 0.0176446 seconds
Number of updated asset objects reloaded before import = 0Number of asset objects unloaded after import = 1

========================================================================
Received Import Request.
  Time since last request: 0.000026 seconds.
  path: Assets/Stage3Assets/Music/cyber city 2-b.wav
  artifactKey: Guid(70a7f84c0ae334453a44a60563463702) Importer(2089858483,192608db42251d675da83286b1cce702)
Start importing Assets/Stage3Assets/Music/cyber city 2-b.wav using Guid(70a7f84c0ae334453a44a60563463702) Importer(2089858483,192608db42251d675da83286b1cce702) (ScriptedImporter) -> (artifact id: 'fc3a1b75b59aa7040d59f206b9105919') in 0.4902498 seconds
Number of updated asset objects reloaded before import = 0Number of asset objects unloaded after import = 1

========================================================================
Received Import Request.
  Time since last request: 0.000030 seconds.
  path: Assets/Stage3Assets/Props/banner-c/banner-c1.controller
  artifactKey: Guid(1efd67d851a324a5b9ae38b297ec43f7) Importer(2089858483,192608db42251d675da83286b1cce702)
Start importing Assets/Stage3Assets/Props/banner-c/banner-c1.controller using Guid(1efd67d851a324a5b9ae38b297ec43f7) Importer(2089858483,192608db42251d675da83286b1cce702) (ScriptedImporter) -> (artifact id: '6e6dcd48d14ef929e552d23792457d8b') in 0.0222032 seconds
Number of updated asset objects reloaded before import = 0Number of asset objects unloaded after import = 4

========================================================================
Received Import Request.
  Time since last request: 0.000039 seconds.
  path: Assets/Prefabs/ChatBub.prefab
  artifactKey: Guid(a236ee97a1744d64095e84552cb326aa) Importer(2089858483,192608db42251d675da83286b1cce702)
Start importing Assets/Prefabs/ChatBub.prefab using Guid(a236ee97a1744d64095e84552cb326aa) Importer(2089858483,192608db42251d675da83286b1cce702) (ScriptedImporter) -> (artifact id: 'e64c8b184b4b7da2b94a95d1b9d8e175') in 0.0915953 seconds
Number of updated asset objects reloaded before import = 0Number of asset objects unloaded after import = 22

========================================================================
Received Import Request.
  Time since last request: 10.746337 seconds.
  path: Assets/MUSIC/Horror Ambience/Horror Ambience 2.wav
  artifactKey: Guid(a6f1595ea374144e2a05f77cb03159ef) Importer(815301076,1909f56bfc062723c751e8b465ee728b)
Start importing Assets/MUSIC/Horror Ambience/Horror Ambience 2.wav using Guid(a6f1595ea374144e2a05f77cb03159ef) Importer(815301076,1909f56bfc062723c751e8b465ee728b) (PreviewImporter) -> (artifact id: '14745f0f63447a2cbc78b23167b3fba5') in 0.5133025 seconds
Number of updated asset objects reloaded before import = 0Number of asset objects unloaded after import = 2

========================================================================
Received Import Request.
  Time since last request: 0.000040 seconds.
  path: Assets/MUSIC/Horror Ambience/Horror Ambience 8.wav
  artifactKey: Guid(105cb4b5be26742d49d659d6efbc0c84) Importer(815301076,1909f56bfc062723c751e8b465ee728b)
Start importing Assets/MUSIC/Horror Ambience/Horror Ambience 8.wav using Guid(105cb4b5be26742d49d659d6efbc0c84) Importer(815301076,1909f56bfc062723c751e8b465ee728b) (PreviewImporter) -> (artifact id: '6410b947ae6b7eaadbc897b72765765d') in 1.0827452 seconds
Number of updated asset objects reloaded before import = 0Number of asset objects unloaded after import = 2

========================================================================
Received Import Request.
  Time since last request: 0.000037 seconds.
  path: Assets/MUSIC/Horror Ambience/Horror Ambience 5.wav
  artifactKey: Guid(7a396e0b75e2844039d0eee93d121582) Importer(815301076,1909f56bfc062723c751e8b465ee728b)
Start importing Assets/MUSIC/Horror Ambience/Horror Ambience 5.wav using Guid(7a396e0b75e2844039d0eee93d121582) Importer(815301076,1909f56bfc062723c751e8b465ee728b) (PreviewImporter) -> (artifact id: '6fb1c9f8333ee304047f582a91ef9043') in 0.6190686 seconds
Number of updated asset objects reloaded before import = 0Number of asset objects unloaded after import = 2

Editor requested this worker to shutdown with reason: Scaling down because of idle timeout
AssetImportWorker is now disconnected from the server
Process exiting
Exiting without the bug reporter. Application will terminate with return code 0